2015-03-24 03:01:44 Warning: Warning (2): PDO::__construct(): MySQL server has gone away in [/Users/jnesselr/PhpstormProjects/BotQueue/vendor/cakephp/cakephp/src/Database/Driver/PDODriverTrait.php, line 48]
Trace:
Cake\Error\BaseErrorHandler::handleError() - CORE/src/Error/BaseErrorHandler.php, line 138
PDO::__construct() - [internal], line ??
Cake\Database\Driver\Mysql::_connect() - CORE/src/Database/Driver/PDODriverTrait.php, line 48
Cake\Database\Driver\Mysql::connect() - CORE/src/Database/Driver/Mysql.php, line 86
Cake\Database\Driver\Mysql::beginTransaction() - CORE/src/Database/Driver/PDODriverTrait.php, line 100
Cake\Database\Connection::begin() - CORE/src/Database/Connection.php, line 385
Cake\Database\Connection::transactional() - CORE/src/Database/Connection.php, line 558
Cake\TestSuite\Fixture\FixtureManager::_runOperation() - CORE/src/TestSuite/Fixture/FixtureManager.php, line 278
Cake\TestSuite\Fixture\FixtureManager::load() - CORE/src/TestSuite/Fixture/FixtureManager.php, line 243
Cake\TestSuite\Fixture\FixtureInjector::startTest() - CORE/src/TestSuite/Fixture/FixtureInjector.php, line 144
PHPUnit_Framework_TestResult::startTest() - ROOT/vendor/phpunit/phpunit/src/Framework/TestResult.php, line 331
PHPUnit_Framework_TestResult::run() - ROOT/vendor/phpunit/phpunit/src/Framework/TestResult.php, line 547
PHPUnit_Framework_TestCase::run() - ROOT/vendor/phpunit/phpunit/src/Framework/TestCase.php, line 693
PHPUnit_Framework_TestSuite::run() - ROOT/vendor/phpunit/phpunit/src/Framework/TestSuite.php, line 716
PHPUnit_Framework_TestSuite::run() - ROOT/vendor/phpunit/phpunit/src/Framework/TestSuite.php, line 716
PHPUnit_TextUI_TestRunner::doRun() - ROOT/vendor/phpunit/phpunit/src/TextUI/TestRunner.php, line 398
PHPUnit_TextUI_Command::run() - ROOT/vendor/phpunit/phpunit/src/TextUI/Command.php, line 152
PHPUnit_TextUI_Command::main() - ROOT/vendor/phpunit/phpunit/src/TextUI/Command.php, line 104
[main] - ROOT/vendor/phpunit/phpunit/phpunit, line 36



2015-03-24 03:01:44 Warning: Warning (2): PDO::__construct(): Error while reading greeting packet. PID=16748 in [/Users/jnesselr/PhpstormProjects/BotQueue/vendor/cakephp/cakephp/src/Database/Driver/PDODriverTrait.php, line 48]
Trace:
Cake\Error\BaseErrorHandler::handleError() - CORE/src/Error/BaseErrorHandler.php, line 138
PDO::__construct() - [internal], line ??
Cake\Database\Driver\Mysql::_connect() - CORE/src/Database/Driver/PDODriverTrait.php, line 48
Cake\Database\Driver\Mysql::connect() - CORE/src/Database/Driver/Mysql.php, line 86
Cake\Database\Driver\Mysql::beginTransaction() - CORE/src/Database/Driver/PDODriverTrait.php, line 100
Cake\Database\Connection::begin() - CORE/src/Database/Connection.php, line 385
Cake\Database\Connection::transactional() - CORE/src/Database/Connection.php, line 558
Cake\TestSuite\Fixture\FixtureManager::_runOperation() - CORE/src/TestSuite/Fixture/FixtureManager.php, line 278
Cake\TestSuite\Fixture\FixtureManager::load() - CORE/src/TestSuite/Fixture/FixtureManager.php, line 243
Cake\TestSuite\Fixture\FixtureInjector::startTest() - CORE/src/TestSuite/Fixture/FixtureInjector.php, line 144
PHPUnit_Framework_TestResult::startTest() - ROOT/vendor/phpunit/phpunit/src/Framework/TestResult.php, line 331
PHPUnit_Framework_TestResult::run() - ROOT/vendor/phpunit/phpunit/src/Framework/TestResult.php, line 547
PHPUnit_Framework_TestCase::run() - ROOT/vendor/phpunit/phpunit/src/Framework/TestCase.php, line 693
PHPUnit_Framework_TestSuite::run() - ROOT/vendor/phpunit/phpunit/src/Framework/TestSuite.php, line 716
PHPUnit_Framework_TestSuite::run() - ROOT/vendor/phpunit/phpunit/src/Framework/TestSuite.php, line 716
PHPUnit_TextUI_TestRunner::doRun() - ROOT/vendor/phpunit/phpunit/src/TextUI/TestRunner.php, line 398
PHPUnit_TextUI_Command::run() - ROOT/vendor/phpunit/phpunit/src/TextUI/Command.php, line 152
PHPUnit_TextUI_Command::main() - ROOT/vendor/phpunit/phpunit/src/TextUI/Command.php, line 104
[main] - ROOT/vendor/phpunit/phpunit/phpunit, line 36



2015-03-24 03:01:44 Error: [Cake\Core\Exception\Exception] Unable to insert fixtures for "App\Test\TestCase\Model\Table\ActivitiesTableTest" test case. SQLSTATE[HY000] [2006] MySQL server has gone away
Stack Trace:
#0 /Users/jnesselr/PhpstormProjects/BotQueue/vendor/cakephp/cakephp/src/TestSuite/Fixture/FixtureInjector.php(144): Cake\TestSuite\Fixture\FixtureManager->load(Object(App\Test\TestCase\Model\Table\ActivitiesTableTest))
#1 /Users/jnesselr/PhpstormProjects/BotQueue/vendor/phpunit/phpunit/src/Framework/TestResult.php(331): Cake\TestSuite\Fixture\FixtureInjector->startTest(Object(App\Test\TestCase\Model\Table\ActivitiesTableTest))
#2 /Users/jnesselr/PhpstormProjects/BotQueue/vendor/phpunit/phpunit/src/Framework/TestResult.php(547): PHPUnit_Framework_TestResult->startTest(Object(App\Test\TestCase\Model\Table\ActivitiesTableTest))
#3 /Users/jnesselr/PhpstormProjects/BotQueue/vendor/phpunit/phpunit/src/Framework/TestCase.php(693): PHPUnit_Framework_TestResult->run(Object(App\Test\TestCase\Model\Table\ActivitiesTableTest))
#4 /Users/jnesselr/PhpstormProjects/BotQueue/vendor/phpunit/phpunit/src/Framework/TestSuite.php(716): PHPUnit_Framework_TestCase->run(Object(PHPUnit_Framework_TestResult))
#5 /Users/jnesselr/PhpstormProjects/BotQueue/vendor/phpunit/phpunit/src/Framework/TestSuite.php(716): PHPUnit_Framework_TestSuite->run(Object(PHPUnit_Framework_TestResult))
#6 /Users/jnesselr/PhpstormProjects/BotQueue/vendor/phpunit/phpunit/src/TextUI/TestRunner.php(398): PHPUnit_Framework_TestSuite->run(Object(PHPUnit_Framework_TestResult))
#7 /Users/jnesselr/PhpstormProjects/BotQueue/vendor/phpunit/phpunit/src/TextUI/Command.php(152): PHPUnit_TextUI_TestRunner->doRun(Object(PHPUnit_Framework_TestSuite), Array)
#8 /Users/jnesselr/PhpstormProjects/BotQueue/vendor/phpunit/phpunit/src/TextUI/Command.php(104): PHPUnit_TextUI_Command->run(Array, true)
#9 /Users/jnesselr/PhpstormProjects/BotQueue/vendor/phpunit/phpunit/phpunit(36): PHPUnit_TextUI_Command::main()
#10 {main}


2015-03-24 03:04:02 Error: Fixture creation for "activities" failed "SQLSTATE[HY000]: General error: 1005 Can't create table 'test_botqueue.activities' (errno: 150)"
2015-03-24 03:04:02 Warning: Warning (512): Fixture creation for "activities" failed "SQLSTATE[HY000]: General error: 1005 Can't create table 'test_botqueue.activities' (errno: 150)" in [/Users/jnesselr/PhpstormProjects/BotQueue/vendor/cakephp/cakephp/src/TestSuite/Fixture/TestFixture.php, line 232]
Trace:
Cake\Error\BaseErrorHandler::handleError() - CORE/src/Error/BaseErrorHandler.php, line 138
Cake\TestSuite\Fixture\TestFixture::create() - CORE/src/TestSuite/Fixture/TestFixture.php, line 232
Cake\TestSuite\Fixture\FixtureManager::_setupTable() - CORE/src/TestSuite/Fixture/FixtureManager.php, line 207
Cake\TestSuite\Fixture\FixtureManager::Cake\TestSuite\Fixture\{closure}() - CORE/src/TestSuite/Fixture/FixtureManager.php, line 237
Cake\TestSuite\Fixture\FixtureManager::Cake\TestSuite\Fixture\{closure}() - CORE/src/TestSuite/Fixture/FixtureManager.php, line 276
Cake\Database\Connection::transactional() - CORE/src/Database/Connection.php, line 561
Cake\TestSuite\Fixture\FixtureManager::_runOperation() - CORE/src/TestSuite/Fixture/FixtureManager.php, line 278
Cake\TestSuite\Fixture\FixtureManager::load() - CORE/src/TestSuite/Fixture/FixtureManager.php, line 243
Cake\TestSuite\Fixture\FixtureInjector::startTest() - CORE/src/TestSuite/Fixture/FixtureInjector.php, line 144
PHPUnit_Framework_TestResult::startTest() - ROOT/vendor/phpunit/phpunit/src/Framework/TestResult.php, line 331
PHPUnit_Framework_TestResult::run() - ROOT/vendor/phpunit/phpunit/src/Framework/TestResult.php, line 547
PHPUnit_Framework_TestCase::run() - ROOT/vendor/phpunit/phpunit/src/Framework/TestCase.php, line 693
PHPUnit_Framework_TestSuite::run() - ROOT/vendor/phpunit/phpunit/src/Framework/TestSuite.php, line 716
PHPUnit_Framework_TestSuite::run() - ROOT/vendor/phpunit/phpunit/src/Framework/TestSuite.php, line 716
PHPUnit_TextUI_TestRunner::doRun() - ROOT/vendor/phpunit/phpunit/src/TextUI/TestRunner.php, line 398
PHPUnit_TextUI_Command::run() - ROOT/vendor/phpunit/phpunit/src/TextUI/Command.php, line 152
PHPUnit_TextUI_Command::main() - ROOT/vendor/phpunit/phpunit/src/TextUI/Command.php, line 104
[main] - ROOT/vendor/phpunit/phpunit/phpunit, line 36



2015-03-24 03:04:02 Error: [Cake\Core\Exception\Exception] Unable to insert fixtures for "App\Test\TestCase\Model\Table\ActivitiesTableTest" test case. SQLSTATE[42S02]: Base table or view not found: 1146 Table 'test_botqueue.activities' doesn't exist
Stack Trace:
#0 /Users/jnesselr/PhpstormProjects/BotQueue/vendor/cakephp/cakephp/src/TestSuite/Fixture/FixtureInjector.php(144): Cake\TestSuite\Fixture\FixtureManager->load(Object(App\Test\TestCase\Model\Table\ActivitiesTableTest))
#1 /Users/jnesselr/PhpstormProjects/BotQueue/vendor/phpunit/phpunit/src/Framework/TestResult.php(331): Cake\TestSuite\Fixture\FixtureInjector->startTest(Object(App\Test\TestCase\Model\Table\ActivitiesTableTest))
#2 /Users/jnesselr/PhpstormProjects/BotQueue/vendor/phpunit/phpunit/src/Framework/TestResult.php(547): PHPUnit_Framework_TestResult->startTest(Object(App\Test\TestCase\Model\Table\ActivitiesTableTest))
#3 /Users/jnesselr/PhpstormProjects/BotQueue/vendor/phpunit/phpunit/src/Framework/TestCase.php(693): PHPUnit_Framework_TestResult->run(Object(App\Test\TestCase\Model\Table\ActivitiesTableTest))
#4 /Users/jnesselr/PhpstormProjects/BotQueue/vendor/phpunit/phpunit/src/Framework/TestSuite.php(716): PHPUnit_Framework_TestCase->run(Object(PHPUnit_Framework_TestResult))
#5 /Users/jnesselr/PhpstormProjects/BotQueue/vendor/phpunit/phpunit/src/Framework/TestSuite.php(716): PHPUnit_Framework_TestSuite->run(Object(PHPUnit_Framework_TestResult))
#6 /Users/jnesselr/PhpstormProjects/BotQueue/vendor/phpunit/phpunit/src/TextUI/TestRunner.php(398): PHPUnit_Framework_TestSuite->run(Object(PHPUnit_Framework_TestResult))
#7 /Users/jnesselr/PhpstormProjects/BotQueue/vendor/phpunit/phpunit/src/TextUI/Command.php(152): PHPUnit_TextUI_TestRunner->doRun(Object(PHPUnit_Framework_TestSuite), Array)
#8 /Users/jnesselr/PhpstormProjects/BotQueue/vendor/phpunit/phpunit/src/TextUI/Command.php(104): PHPUnit_TextUI_Command->run(Array, true)
#9 /Users/jnesselr/PhpstormProjects/BotQueue/vendor/phpunit/phpunit/phpunit(36): PHPUnit_TextUI_Command::main()
#10 {main}


2015-03-24 03:04:37 Error: Fixture creation for "activities" failed "SQLSTATE[HY000]: General error: 1005 Can't create table 'test_botqueue.activities' (errno: 150)"
2015-03-24 03:04:37 Warning: Warning (512): Fixture creation for "activities" failed "SQLSTATE[HY000]: General error: 1005 Can't create table 'test_botqueue.activities' (errno: 150)" in [/Users/jnesselr/PhpstormProjects/BotQueue/vendor/cakephp/cakephp/src/TestSuite/Fixture/TestFixture.php, line 232]
Trace:
Cake\Error\BaseErrorHandler::handleError() - CORE/src/Error/BaseErrorHandler.php, line 138
Cake\TestSuite\Fixture\TestFixture::create() - CORE/src/TestSuite/Fixture/TestFixture.php, line 232
Cake\TestSuite\Fixture\FixtureManager::_setupTable() - CORE/src/TestSuite/Fixture/FixtureManager.php, line 207
Cake\TestSuite\Fixture\FixtureManager::Cake\TestSuite\Fixture\{closure}() - CORE/src/TestSuite/Fixture/FixtureManager.php, line 237
Cake\TestSuite\Fixture\FixtureManager::Cake\TestSuite\Fixture\{closure}() - CORE/src/TestSuite/Fixture/FixtureManager.php, line 276
Cake\Database\Connection::transactional() - CORE/src/Database/Connection.php, line 561
Cake\TestSuite\Fixture\FixtureManager::_runOperation() - CORE/src/TestSuite/Fixture/FixtureManager.php, line 278
Cake\TestSuite\Fixture\FixtureManager::load() - CORE/src/TestSuite/Fixture/FixtureManager.php, line 243
Cake\TestSuite\Fixture\FixtureInjector::startTest() - CORE/src/TestSuite/Fixture/FixtureInjector.php, line 144
PHPUnit_Framework_TestResult::startTest() - ROOT/vendor/phpunit/phpunit/src/Framework/TestResult.php, line 331
PHPUnit_Framework_TestResult::run() - ROOT/vendor/phpunit/phpunit/src/Framework/TestResult.php, line 547
PHPUnit_Framework_TestCase::run() - ROOT/vendor/phpunit/phpunit/src/Framework/TestCase.php, line 693
PHPUnit_Framework_TestSuite::run() - ROOT/vendor/phpunit/phpunit/src/Framework/TestSuite.php, line 716
PHPUnit_Framework_TestSuite::run() - ROOT/vendor/phpunit/phpunit/src/Framework/TestSuite.php, line 716
PHPUnit_TextUI_TestRunner::doRun() - ROOT/vendor/phpunit/phpunit/src/TextUI/TestRunner.php, line 398
PHPUnit_TextUI_Command::run() - ROOT/vendor/phpunit/phpunit/src/TextUI/Command.php, line 152
PHPUnit_TextUI_Command::main() - ROOT/vendor/phpunit/phpunit/src/TextUI/Command.php, line 104
[main] - ROOT/vendor/phpunit/phpunit/phpunit, line 36



2015-03-24 03:04:37 Error: [Cake\Core\Exception\Exception] Unable to insert fixtures for "App\Test\TestCase\Model\Table\ActivitiesTableTest" test case. SQLSTATE[42S02]: Base table or view not found: 1146 Table 'test_botqueue.activities' doesn't exist
Stack Trace:
#0 /Users/jnesselr/PhpstormProjects/BotQueue/vendor/cakephp/cakephp/src/TestSuite/Fixture/FixtureInjector.php(144): Cake\TestSuite\Fixture\FixtureManager->load(Object(App\Test\TestCase\Model\Table\ActivitiesTableTest))
#1 /Users/jnesselr/PhpstormProjects/BotQueue/vendor/phpunit/phpunit/src/Framework/TestResult.php(331): Cake\TestSuite\Fixture\FixtureInjector->startTest(Object(App\Test\TestCase\Model\Table\ActivitiesTableTest))
#2 /Users/jnesselr/PhpstormProjects/BotQueue/vendor/phpunit/phpunit/src/Framework/TestResult.php(547): PHPUnit_Framework_TestResult->startTest(Object(App\Test\TestCase\Model\Table\ActivitiesTableTest))
#3 /Users/jnesselr/PhpstormProjects/BotQueue/vendor/phpunit/phpunit/src/Framework/TestCase.php(693): PHPUnit_Framework_TestResult->run(Object(App\Test\TestCase\Model\Table\ActivitiesTableTest))
#4 /Users/jnesselr/PhpstormProjects/BotQueue/vendor/phpunit/phpunit/src/Framework/TestSuite.php(716): PHPUnit_Framework_TestCase->run(Object(PHPUnit_Framework_TestResult))
#5 /Users/jnesselr/PhpstormProjects/BotQueue/vendor/phpunit/phpunit/src/Framework/TestSuite.php(716): PHPUnit_Framework_TestSuite->run(Object(PHPUnit_Framework_TestResult))
#6 /Users/jnesselr/PhpstormProjects/BotQueue/vendor/phpunit/phpunit/src/TextUI/TestRunner.php(398): PHPUnit_Framework_TestSuite->run(Object(PHPUnit_Framework_TestResult))
#7 /Users/jnesselr/PhpstormProjects/BotQueue/vendor/phpunit/phpunit/src/TextUI/Command.php(152): PHPUnit_TextUI_TestRunner->doRun(Object(PHPUnit_Framework_TestSuite), Array)
#8 /Users/jnesselr/PhpstormProjects/BotQueue/vendor/phpunit/phpunit/src/TextUI/Command.php(104): PHPUnit_TextUI_Command->run(Array, true)
#9 /Users/jnesselr/PhpstormProjects/BotQueue/vendor/phpunit/phpunit/phpunit(36): PHPUnit_TextUI_Command::main()
#10 {main}


2015-03-24 03:07:20 Error: Fixture creation for "activities" failed "SQLSTATE[HY000]: General error: 1005 Can't create table 'test_botqueue.activities' (errno: 150)"
2015-03-24 03:07:20 Warning: Warning (512): Fixture creation for "activities" failed "SQLSTATE[HY000]: General error: 1005 Can't create table 'test_botqueue.activities' (errno: 150)" in [/Users/jnesselr/PhpstormProjects/BotQueue/vendor/cakephp/cakephp/src/TestSuite/Fixture/TestFixture.php, line 232]
Trace:
Cake\Error\BaseErrorHandler::handleError() - CORE/src/Error/BaseErrorHandler.php, line 138
Cake\TestSuite\Fixture\TestFixture::create() - CORE/src/TestSuite/Fixture/TestFixture.php, line 232
Cake\TestSuite\Fixture\FixtureManager::_setupTable() - CORE/src/TestSuite/Fixture/FixtureManager.php, line 207
Cake\TestSuite\Fixture\FixtureManager::Cake\TestSuite\Fixture\{closure}() - CORE/src/TestSuite/Fixture/FixtureManager.php, line 237
Cake\TestSuite\Fixture\FixtureManager::Cake\TestSuite\Fixture\{closure}() - CORE/src/TestSuite/Fixture/FixtureManager.php, line 276
Cake\Database\Connection::transactional() - CORE/src/Database/Connection.php, line 561
Cake\TestSuite\Fixture\FixtureManager::_runOperation() - CORE/src/TestSuite/Fixture/FixtureManager.php, line 278
Cake\TestSuite\Fixture\FixtureManager::load() - CORE/src/TestSuite/Fixture/FixtureManager.php, line 243
Cake\TestSuite\Fixture\FixtureInjector::startTest() - CORE/src/TestSuite/Fixture/FixtureInjector.php, line 144
PHPUnit_Framework_TestResult::startTest() - ROOT/vendor/phpunit/phpunit/src/Framework/TestResult.php, line 331
PHPUnit_Framework_TestResult::run() - ROOT/vendor/phpunit/phpunit/src/Framework/TestResult.php, line 547
PHPUnit_Framework_TestCase::run() - ROOT/vendor/phpunit/phpunit/src/Framework/TestCase.php, line 693
PHPUnit_Framework_TestSuite::run() - ROOT/vendor/phpunit/phpunit/src/Framework/TestSuite.php, line 716
PHPUnit_Framework_TestSuite::run() - ROOT/vendor/phpunit/phpunit/src/Framework/TestSuite.php, line 716
PHPUnit_TextUI_TestRunner::doRun() - ROOT/vendor/phpunit/phpunit/src/TextUI/TestRunner.php, line 398
PHPUnit_TextUI_Command::run() - ROOT/vendor/phpunit/phpunit/src/TextUI/Command.php, line 152
PHPUnit_TextUI_Command::main() - ROOT/vendor/phpunit/phpunit/src/TextUI/Command.php, line 104
[main] - ROOT/vendor/phpunit/phpunit/phpunit, line 36



2015-03-24 03:07:20 Error: [Cake\Core\Exception\Exception] Unable to insert fixtures for "App\Test\TestCase\Model\Table\ActivitiesTableTest" test case. SQLSTATE[42S02]: Base table or view not found: 1146 Table 'test_botqueue.activities' doesn't exist
Stack Trace:
#0 /Users/jnesselr/PhpstormProjects/BotQueue/vendor/cakephp/cakephp/src/TestSuite/Fixture/FixtureInjector.php(144): Cake\TestSuite\Fixture\FixtureManager->load(Object(App\Test\TestCase\Model\Table\ActivitiesTableTest))
#1 /Users/jnesselr/PhpstormProjects/BotQueue/vendor/phpunit/phpunit/src/Framework/TestResult.php(331): Cake\TestSuite\Fixture\FixtureInjector->startTest(Object(App\Test\TestCase\Model\Table\ActivitiesTableTest))
#2 /Users/jnesselr/PhpstormProjects/BotQueue/vendor/phpunit/phpunit/src/Framework/TestResult.php(547): PHPUnit_Framework_TestResult->startTest(Object(App\Test\TestCase\Model\Table\ActivitiesTableTest))
#3 /Users/jnesselr/PhpstormProjects/BotQueue/vendor/phpunit/phpunit/src/Framework/TestCase.php(693): PHPUnit_Framework_TestResult->run(Object(App\Test\TestCase\Model\Table\ActivitiesTableTest))
#4 /Users/jnesselr/PhpstormProjects/BotQueue/vendor/phpunit/phpunit/src/Framework/TestSuite.php(716): PHPUnit_Framework_TestCase->run(Object(PHPUnit_Framework_TestResult))
#5 /Users/jnesselr/PhpstormProjects/BotQueue/vendor/phpunit/phpunit/src/Framework/TestSuite.php(716): PHPUnit_Framework_TestSuite->run(Object(PHPUnit_Framework_TestResult))
#6 /Users/jnesselr/PhpstormProjects/BotQueue/vendor/phpunit/phpunit/src/TextUI/TestRunner.php(398): PHPUnit_Framework_TestSuite->run(Object(PHPUnit_Framework_TestResult))
#7 /Users/jnesselr/PhpstormProjects/BotQueue/vendor/phpunit/phpunit/src/TextUI/Command.php(152): PHPUnit_TextUI_TestRunner->doRun(Object(PHPUnit_Framework_TestSuite), Array)
#8 /Users/jnesselr/PhpstormProjects/BotQueue/vendor/phpunit/phpunit/src/TextUI/Command.php(104): PHPUnit_TextUI_Command->run(Array, true)
#9 /Users/jnesselr/PhpstormProjects/BotQueue/vendor/phpunit/phpunit/phpunit(36): PHPUnit_TextUI_Command::main()
#10 {main}


2015-03-24 03:08:55 Error: Fixture creation for "activities" failed "SQLSTATE[HY000]: General error: 1005 Can't create table 'test_botqueue.activities' (errno: 150)"
2015-03-24 03:08:55 Warning: Warning (512): Fixture creation for "activities" failed "SQLSTATE[HY000]: General error: 1005 Can't create table 'test_botqueue.activities' (errno: 150)" in [/Users/jnesselr/PhpstormProjects/BotQueue/vendor/cakephp/cakephp/src/TestSuite/Fixture/TestFixture.php, line 232]
Trace:
Cake\Error\BaseErrorHandler::handleError() - CORE/src/Error/BaseErrorHandler.php, line 138
Cake\TestSuite\Fixture\TestFixture::create() - CORE/src/TestSuite/Fixture/TestFixture.php, line 232
Cake\TestSuite\Fixture\FixtureManager::_setupTable() - CORE/src/TestSuite/Fixture/FixtureManager.php, line 207
Cake\TestSuite\Fixture\FixtureManager::Cake\TestSuite\Fixture\{closure}() - CORE/src/TestSuite/Fixture/FixtureManager.php, line 237
Cake\TestSuite\Fixture\FixtureManager::Cake\TestSuite\Fixture\{closure}() - CORE/src/TestSuite/Fixture/FixtureManager.php, line 276
Cake\Database\Connection::transactional() - CORE/src/Database/Connection.php, line 561
Cake\TestSuite\Fixture\FixtureManager::_runOperation() - CORE/src/TestSuite/Fixture/FixtureManager.php, line 278
Cake\TestSuite\Fixture\FixtureManager::load() - CORE/src/TestSuite/Fixture/FixtureManager.php, line 243
Cake\TestSuite\Fixture\FixtureInjector::startTest() - CORE/src/TestSuite/Fixture/FixtureInjector.php, line 144
PHPUnit_Framework_TestResult::startTest() - ROOT/vendor/phpunit/phpunit/src/Framework/TestResult.php, line 331
PHPUnit_Framework_TestResult::run() - ROOT/vendor/phpunit/phpunit/src/Framework/TestResult.php, line 547
PHPUnit_Framework_TestCase::run() - ROOT/vendor/phpunit/phpunit/src/Framework/TestCase.php, line 693
PHPUnit_Framework_TestSuite::run() - ROOT/vendor/phpunit/phpunit/src/Framework/TestSuite.php, line 716
PHPUnit_Framework_TestSuite::run() - ROOT/vendor/phpunit/phpunit/src/Framework/TestSuite.php, line 716
PHPUnit_TextUI_TestRunner::doRun() - ROOT/vendor/phpunit/phpunit/src/TextUI/TestRunner.php, line 398
PHPUnit_TextUI_Command::run() - ROOT/vendor/phpunit/phpunit/src/TextUI/Command.php, line 152
PHPUnit_TextUI_Command::main() - ROOT/vendor/phpunit/phpunit/src/TextUI/Command.php, line 104
[main] - ROOT/vendor/phpunit/phpunit/phpunit, line 36



2015-03-24 03:08:56 Error: [Cake\Core\Exception\Exception] Unable to insert fixtures for "App\Test\TestCase\Model\Table\ActivitiesTableTest" test case. SQLSTATE[42S02]: Base table or view not found: 1146 Table 'test_botqueue.activities' doesn't exist
Stack Trace:
#0 /Users/jnesselr/PhpstormProjects/BotQueue/vendor/cakephp/cakephp/src/TestSuite/Fixture/FixtureInjector.php(144): Cake\TestSuite\Fixture\FixtureManager->load(Object(App\Test\TestCase\Model\Table\ActivitiesTableTest))
#1 /Users/jnesselr/PhpstormProjects/BotQueue/vendor/phpunit/phpunit/src/Framework/TestResult.php(331): Cake\TestSuite\Fixture\FixtureInjector->startTest(Object(App\Test\TestCase\Model\Table\ActivitiesTableTest))
#2 /Users/jnesselr/PhpstormProjects/BotQueue/vendor/phpunit/phpunit/src/Framework/TestResult.php(547): PHPUnit_Framework_TestResult->startTest(Object(App\Test\TestCase\Model\Table\ActivitiesTableTest))
#3 /Users/jnesselr/PhpstormProjects/BotQueue/vendor/phpunit/phpunit/src/Framework/TestCase.php(693): PHPUnit_Framework_TestResult->run(Object(App\Test\TestCase\Model\Table\ActivitiesTableTest))
#4 /Users/jnesselr/PhpstormProjects/BotQueue/vendor/phpunit/phpunit/src/Framework/TestSuite.php(716): PHPUnit_Framework_TestCase->run(Object(PHPUnit_Framework_TestResult))
#5 /Users/jnesselr/PhpstormProjects/BotQueue/vendor/phpunit/phpunit/src/Framework/TestSuite.php(716): PHPUnit_Framework_TestSuite->run(Object(PHPUnit_Framework_TestResult))
#6 /Users/jnesselr/PhpstormProjects/BotQueue/vendor/phpunit/phpunit/src/TextUI/TestRunner.php(398): PHPUnit_Framework_TestSuite->run(Object(PHPUnit_Framework_TestResult))
#7 /Users/jnesselr/PhpstormProjects/BotQueue/vendor/phpunit/phpunit/src/TextUI/Command.php(152): PHPUnit_TextUI_TestRunner->doRun(Object(PHPUnit_Framework_TestSuite), Array)
#8 /Users/jnesselr/PhpstormProjects/BotQueue/vendor/phpunit/phpunit/src/TextUI/Command.php(104): PHPUnit_TextUI_Command->run(Array, true)
#9 /Users/jnesselr/PhpstormProjects/BotQueue/vendor/phpunit/phpunit/phpunit(36): PHPUnit_TextUI_Command::main()
#10 {main}


2015-03-24 03:27:14 Error: [UnexpectedValueException] Referenced fixture class "App\Test\Fixture\BotsFixture" not found. Fixture "app.bots" was referenced in test case "App\Test\TestCase\Controller\UsersControllerTest".
Stack Trace:
#0 /Users/jnesselr/PhpstormProjects/BotQueue/vendor/cakephp/cakephp/src/TestSuite/Fixture/FixtureManager.php(67): Cake\TestSuite\Fixture\FixtureManager->_loadFixtures(Object(App\Test\TestCase\Controller\UsersControllerTest))
#1 /Users/jnesselr/PhpstormProjects/BotQueue/vendor/cakephp/cakephp/src/TestSuite/Fixture/FixtureInjector.php(143): Cake\TestSuite\Fixture\FixtureManager->fixturize(Object(App\Test\TestCase\Controller\UsersControllerTest))
#2 /Users/jnesselr/PhpstormProjects/BotQueue/vendor/phpunit/phpunit/src/Framework/TestResult.php(331): Cake\TestSuite\Fixture\FixtureInjector->startTest(Object(App\Test\TestCase\Controller\UsersControllerTest))
#3 /Users/jnesselr/PhpstormProjects/BotQueue/vendor/phpunit/phpunit/src/Framework/TestResult.php(547): PHPUnit_Framework_TestResult->startTest(Object(App\Test\TestCase\Controller\UsersControllerTest))
#4 /Users/jnesselr/PhpstormProjects/BotQueue/vendor/phpunit/phpunit/src/Framework/TestCase.php(693): PHPUnit_Framework_TestResult->run(Object(App\Test\TestCase\Controller\UsersControllerTest))
#5 /Users/jnesselr/PhpstormProjects/BotQueue/vendor/phpunit/phpunit/src/Framework/TestSuite.php(716): PHPUnit_Framework_TestCase->run(Object(PHPUnit_Framework_TestResult))
#6 /Users/jnesselr/PhpstormProjects/BotQueue/vendor/phpunit/phpunit/src/Framework/TestSuite.php(716): PHPUnit_Framework_TestSuite->run(Object(PHPUnit_Framework_TestResult))
#7 /Users/jnesselr/PhpstormProjects/BotQueue/vendor/phpunit/phpunit/src/TextUI/TestRunner.php(398): PHPUnit_Framework_TestSuite->run(Object(PHPUnit_Framework_TestResult))
#8 /Users/jnesselr/PhpstormProjects/BotQueue/vendor/phpunit/phpunit/src/TextUI/Command.php(152): PHPUnit_TextUI_TestRunner->doRun(Object(PHPUnit_Framework_TestSuite), Array)
#9 /Users/jnesselr/PhpstormProjects/BotQueue/vendor/phpunit/phpunit/src/TextUI/Command.php(104): PHPUnit_TextUI_Command->run(Array, true)
#10 /Users/jnesselr/PhpstormProjects/BotQueue/vendor/phpunit/phpunit/phpunit(36): PHPUnit_TextUI_Command::main()
#11 {main}


2015-03-24 03:27:54 Error: [UnexpectedValueException] Referenced fixture class "App\Test\Fixture\BotsFixture" not found. Fixture "app.bots" was referenced in test case "App\Test\TestCase\Controller\UsersControllerTest".
Stack Trace:
#0 /Users/jnesselr/PhpstormProjects/BotQueue/vendor/cakephp/cakephp/src/TestSuite/Fixture/FixtureManager.php(67): Cake\TestSuite\Fixture\FixtureManager->_loadFixtures(Object(App\Test\TestCase\Controller\UsersControllerTest))
#1 /Users/jnesselr/PhpstormProjects/BotQueue/vendor/cakephp/cakephp/src/TestSuite/Fixture/FixtureInjector.php(143): Cake\TestSuite\Fixture\FixtureManager->fixturize(Object(App\Test\TestCase\Controller\UsersControllerTest))
#2 /Users/jnesselr/PhpstormProjects/BotQueue/vendor/phpunit/phpunit/src/Framework/TestResult.php(331): Cake\TestSuite\Fixture\FixtureInjector->startTest(Object(App\Test\TestCase\Controller\UsersControllerTest))
#3 /Users/jnesselr/PhpstormProjects/BotQueue/vendor/phpunit/phpunit/src/Framework/TestResult.php(547): PHPUnit_Framework_TestResult->startTest(Object(App\Test\TestCase\Controller\UsersControllerTest))
#4 /Users/jnesselr/PhpstormProjects/BotQueue/vendor/phpunit/phpunit/src/Framework/TestCase.php(693): PHPUnit_Framework_TestResult->run(Object(App\Test\TestCase\Controller\UsersControllerTest))
#5 /Users/jnesselr/PhpstormProjects/BotQueue/vendor/phpunit/phpunit/src/Framework/TestSuite.php(716): PHPUnit_Framework_TestCase->run(Object(PHPUnit_Framework_TestResult))
#6 /Users/jnesselr/PhpstormProjects/BotQueue/vendor/phpunit/phpunit/src/Framework/TestSuite.php(716): PHPUnit_Framework_TestSuite->run(Object(PHPUnit_Framework_TestResult))
#7 /Users/jnesselr/PhpstormProjects/BotQueue/vendor/phpunit/phpunit/src/TextUI/TestRunner.php(398): PHPUnit_Framework_TestSuite->run(Object(PHPUnit_Framework_TestResult))
#8 /Users/jnesselr/PhpstormProjects/BotQueue/vendor/phpunit/phpunit/src/TextUI/Command.php(152): PHPUnit_TextUI_TestRunner->doRun(Object(PHPUnit_Framework_TestSuite), Array)
#9 /Users/jnesselr/PhpstormProjects/BotQueue/vendor/phpunit/phpunit/src/TextUI/Command.php(104): PHPUnit_TextUI_Command->run(Array, true)
#10 /Users/jnesselr/PhpstormProjects/BotQueue/vendor/phpunit/phpunit/phpunit(36): PHPUnit_TextUI_Command::main()
#11 {main}


2015-03-24 03:28:05 Error: [UnexpectedValueException] Referenced fixture class "App\Test\Fixture\BotsFixture" not found. Fixture "app.bots" was referenced in test case "App\Test\TestCase\Controller\UsersControllerTest".
Stack Trace:
#0 /Users/jnesselr/PhpstormProjects/BotQueue/vendor/cakephp/cakephp/src/TestSuite/Fixture/FixtureManager.php(67): Cake\TestSuite\Fixture\FixtureManager->_loadFixtures(Object(App\Test\TestCase\Controller\UsersControllerTest))
#1 /Users/jnesselr/PhpstormProjects/BotQueue/vendor/cakephp/cakephp/src/TestSuite/Fixture/FixtureInjector.php(143): Cake\TestSuite\Fixture\FixtureManager->fixturize(Object(App\Test\TestCase\Controller\UsersControllerTest))
#2 /Users/jnesselr/PhpstormProjects/BotQueue/vendor/phpunit/phpunit/src/Framework/TestResult.php(331): Cake\TestSuite\Fixture\FixtureInjector->startTest(Object(App\Test\TestCase\Controller\UsersControllerTest))
#3 /Users/jnesselr/PhpstormProjects/BotQueue/vendor/phpunit/phpunit/src/Framework/TestResult.php(547): PHPUnit_Framework_TestResult->startTest(Object(App\Test\TestCase\Controller\UsersControllerTest))
#4 /Users/jnesselr/PhpstormProjects/BotQueue/vendor/phpunit/phpunit/src/Framework/TestCase.php(693): PHPUnit_Framework_TestResult->run(Object(App\Test\TestCase\Controller\UsersControllerTest))
#5 /Users/jnesselr/PhpstormProjects/BotQueue/vendor/phpunit/phpunit/src/Framework/TestSuite.php(716): PHPUnit_Framework_TestCase->run(Object(PHPUnit_Framework_TestResult))
#6 /Users/jnesselr/PhpstormProjects/BotQueue/vendor/phpunit/phpunit/src/Framework/TestSuite.php(716): PHPUnit_Framework_TestSuite->run(Object(PHPUnit_Framework_TestResult))
#7 /Users/jnesselr/PhpstormProjects/BotQueue/vendor/phpunit/phpunit/src/TextUI/TestRunner.php(398): PHPUnit_Framework_TestSuite->run(Object(PHPUnit_Framework_TestResult))
#8 /Users/jnesselr/PhpstormProjects/BotQueue/vendor/phpunit/phpunit/src/TextUI/Command.php(152): PHPUnit_TextUI_TestRunner->doRun(Object(PHPUnit_Framework_TestSuite), Array)
#9 /Users/jnesselr/PhpstormProjects/BotQueue/vendor/phpunit/phpunit/src/TextUI/Command.php(104): PHPUnit_TextUI_Command->run(Array, true)
#10 /Users/jnesselr/PhpstormProjects/BotQueue/vendor/phpunit/phpunit/phpunit(36): PHPUnit_TextUI_Command::main()
#11 {main}


2015-03-24 03:28:37 Error: Fixture creation for "users" failed "SQLSTATE[42000]: Syntax error or access violation: 1101 BLOB/TEXT column 'dashboard_style' can't have a default value"
2015-03-24 03:28:37 Warning: Warning (512): Fixture creation for "users" failed "SQLSTATE[42000]: Syntax error or access violation: 1101 BLOB/TEXT column 'dashboard_style' can't have a default value" in [/Users/jnesselr/PhpstormProjects/BotQueue/vendor/cakephp/cakephp/src/TestSuite/Fixture/TestFixture.php, line 232]
Trace:
Cake\Error\BaseErrorHandler::handleError() - CORE/src/Error/BaseErrorHandler.php, line 138
Cake\TestSuite\Fixture\TestFixture::create() - CORE/src/TestSuite/Fixture/TestFixture.php, line 232
Cake\TestSuite\Fixture\FixtureManager::_setupTable() - CORE/src/TestSuite/Fixture/FixtureManager.php, line 207
Cake\TestSuite\Fixture\FixtureManager::Cake\TestSuite\Fixture\{closure}() - CORE/src/TestSuite/Fixture/FixtureManager.php, line 237
Cake\TestSuite\Fixture\FixtureManager::Cake\TestSuite\Fixture\{closure}() - CORE/src/TestSuite/Fixture/FixtureManager.php, line 276
Cake\Database\Connection::transactional() - CORE/src/Database/Connection.php, line 561
Cake\TestSuite\Fixture\FixtureManager::_runOperation() - CORE/src/TestSuite/Fixture/FixtureManager.php, line 278
Cake\TestSuite\Fixture\FixtureManager::load() - CORE/src/TestSuite/Fixture/FixtureManager.php, line 243
Cake\TestSuite\Fixture\FixtureInjector::startTest() - CORE/src/TestSuite/Fixture/FixtureInjector.php, line 144
PHPUnit_Framework_TestResult::startTest() - ROOT/vendor/phpunit/phpunit/src/Framework/TestResult.php, line 331
PHPUnit_Framework_TestResult::run() - ROOT/vendor/phpunit/phpunit/src/Framework/TestResult.php, line 547
PHPUnit_Framework_TestCase::run() - ROOT/vendor/phpunit/phpunit/src/Framework/TestCase.php, line 693
PHPUnit_Framework_TestSuite::run() - ROOT/vendor/phpunit/phpunit/src/Framework/TestSuite.php, line 716
PHPUnit_Framework_TestSuite::run() - ROOT/vendor/phpunit/phpunit/src/Framework/TestSuite.php, line 716
PHPUnit_TextUI_TestRunner::doRun() - ROOT/vendor/phpunit/phpunit/src/TextUI/TestRunner.php, line 398
PHPUnit_TextUI_Command::run() - ROOT/vendor/phpunit/phpunit/src/TextUI/Command.php, line 152
PHPUnit_TextUI_Command::main() - ROOT/vendor/phpunit/phpunit/src/TextUI/Command.php, line 104
[main] - ROOT/vendor/phpunit/phpunit/phpunit, line 36



2015-03-24 03:28:38 Error: [Cake\Core\Exception\Exception] Unable to insert fixtures for "App\Test\TestCase\Model\Table\ActivitiesTableTest" test case. SQLSTATE[42S02]: Base table or view not found: 1146 Table 'test_botqueue.users' doesn't exist
Stack Trace:
#0 /Users/jnesselr/PhpstormProjects/BotQueue/vendor/cakephp/cakephp/src/TestSuite/Fixture/FixtureInjector.php(144): Cake\TestSuite\Fixture\FixtureManager->load(Object(App\Test\TestCase\Model\Table\ActivitiesTableTest))
#1 /Users/jnesselr/PhpstormProjects/BotQueue/vendor/phpunit/phpunit/src/Framework/TestResult.php(331): Cake\TestSuite\Fixture\FixtureInjector->startTest(Object(App\Test\TestCase\Model\Table\ActivitiesTableTest))
#2 /Users/jnesselr/PhpstormProjects/BotQueue/vendor/phpunit/phpunit/src/Framework/TestResult.php(547): PHPUnit_Framework_TestResult->startTest(Object(App\Test\TestCase\Model\Table\ActivitiesTableTest))
#3 /Users/jnesselr/PhpstormProjects/BotQueue/vendor/phpunit/phpunit/src/Framework/TestCase.php(693): PHPUnit_Framework_TestResult->run(Object(App\Test\TestCase\Model\Table\ActivitiesTableTest))
#4 /Users/jnesselr/PhpstormProjects/BotQueue/vendor/phpunit/phpunit/src/Framework/TestSuite.php(716): PHPUnit_Framework_TestCase->run(Object(PHPUnit_Framework_TestResult))
#5 /Users/jnesselr/PhpstormProjects/BotQueue/vendor/phpunit/phpunit/src/Framework/TestSuite.php(716): PHPUnit_Framework_TestSuite->run(Object(PHPUnit_Framework_TestResult))
#6 /Users/jnesselr/PhpstormProjects/BotQueue/vendor/phpunit/phpunit/src/TextUI/TestRunner.php(398): PHPUnit_Framework_TestSuite->run(Object(PHPUnit_Framework_TestResult))
#7 /Users/jnesselr/PhpstormProjects/BotQueue/vendor/phpunit/phpunit/src/TextUI/Command.php(152): PHPUnit_TextUI_TestRunner->doRun(Object(PHPUnit_Framework_TestSuite), Array)
#8 /Users/jnesselr/PhpstormProjects/BotQueue/vendor/phpunit/phpunit/src/TextUI/Command.php(104): PHPUnit_TextUI_Command->run(Array, true)
#9 /Users/jnesselr/PhpstormProjects/BotQueue/vendor/phpunit/phpunit/phpunit(36): PHPUnit_TextUI_Command::main()
#10 {main}


2015-03-24 03:31:35 Error: [Cake\Console\Exception\MissingShellException] Shell class for "Migration" could not be found.
Exception Attributes: array (
  'class' => 'Migration',
)
Stack Trace:
#0 /Users/jnesselr/PhpstormProjects/BotQueue/vendor/cakephp/cakephp/src/Console/ShellDispatcher.php(197): Cake\Console\ShellDispatcher->findShell('migration')
#1 /Users/jnesselr/PhpstormProjects/BotQueue/vendor/cakephp/cakephp/src/Console/ShellDispatcher.php(171): Cake\Console\ShellDispatcher->_dispatch()
#2 /Users/jnesselr/PhpstormProjects/BotQueue/vendor/cakephp/cakephp/src/Console/ShellDispatcher.php(122): Cake\Console\ShellDispatcher->dispatch()
#3 /Users/jnesselr/PhpstormProjects/BotQueue/bin/cake.php(20): Cake\Console\ShellDispatcher::run(Array)
#4 {main}


